<?xml version="1.0" encoding="UTF-8"?>
<testng-results skipped="0" failed="0" ignored="0" total="1" passed="1">
  <reporter-output>
  </reporter-output>
  <suite name="Default suite" duration-ms="7793" started-at="2017-06-08T08:47:12Z" finished-at="2017-06-08T08:47:20Z">
    <groups>
    </groups>
    <test name="Default test" duration-ms="7793" started-at="2017-06-08T08:47:12Z" finished-at="2017-06-08T08:47:20Z">
      <class name="homeTask2.GmailPage">
        <test-method status="PASS" signature="beforeMethod()[pri:0, instance:homeTask2.GmailPage@604ed9f0]" name="beforeMethod" is-config="true" duration-ms="3788" started-at="2017-06-08T11:47:12Z" finished-at="2017-06-08T11:47:16Z">
          <reporter-output>
          </reporter-output>
        </test-method> <!-- beforeMethod -->
        <test-method status="PASS" signature="gmailTest()[pri:0, instance:homeTask2.GmailPage@604ed9f0]" name="gmailTest" duration-ms="3990" started-at="2017-06-08T11:47:16Z" finished-at="2017-06-08T11:47:20Z">
          <reporter-output>
          </reporter-output>
        </test-method> <!-- gmailTest -->
        <test-method status="PASS" signature="afterMethod()[pri:0, instance:homeTask2.GmailPage@604ed9f0]" name="afterMethod" is-config="true" duration-ms="0" started-at="2017-06-08T11:47:20Z" finished-at="2017-06-08T11:47:20Z">
          <reporter-output>
          </reporter-output>
        </test-method> <!-- afterMethod -->
      </class> <!-- homeTask2.GmailPage -->
    </test> <!-- Default test -->
  </suite> <!-- Default suite -->
</testng-results>
